Arguments: 
  D:\nodejs\node.exe C:\Users\Administrator\AppData\Roaming\npm\node_modules\yarn\bin\yarn.js add vant

PATH: 
  D:\python\;D:\python\Scripts;C:\Windows\system32;C:\Windows;C:\Windows\System32\Wbem;C:\Windows\System32\WindowsPowerShell\v1.0\;C:\Program Files\TortoiseSVN\bin;D:\HashiCorp\Vagrant\bin;E:\Git\cmd;F:\Go\bin;D:\UPUPW_ANK_W64\Modules\PHPX\PHP7X;D:\nodejs\;D:\Microsoft VS Code\bin;C:\Users\Administrator\AppData\Local\atom\bin;C:\Users\Administrator\AppData\Roaming\npm;D:\Microsoft VS Code\bin

Yarn version: 
  1.10.1

Node version: 
  8.11.1

Platform: 
  win32 x64

Trace: 
  Error: connect ETIMEDOUT 104.16.25.35:443
      at Object._errnoException (util.js:1022:11)
      at _exceptionWithHostPort (util.js:1044:20)
      at TCPConnectWrap.afterConnect [as oncomplete] (net.js:1198:14)

npm manifest: 
  {
    "private": true,
    "scripts": {
      "dev": "npm run development",
      "development": "cross-env NODE_ENV=development node_modules/webpack/bin/webpack.js --progress --hide-modules --config=node_modules/laravel-mix/setup/webpack.config.js",
      "watch": "cross-env NODE_ENV=development node_modules/webpack/bin/webpack.js --watch --progress --hide-modules --config=node_modules/laravel-mix/setup/webpack.config.js",
      "watch-poll": "npm run watch -- --watch-poll",
      "hot": "cross-env NODE_ENV=development node_modules/webpack-dev-server/bin/webpack-dev-server.js --inline --hot --config=node_modules/laravel-mix/setup/webpack.config.js",
      "prod": "npm run production",
      "production": "cross-env NODE_ENV=production node_modules/webpack/bin/webpack.js --progress --hide-modules --config=node_modules/laravel-mix/setup/webpack.config.js"
    },
    "devDependencies": {
      "axios": "^0.15.3",
      "babel-core": "^6.17.0",
      "babel-loader": "^6.2.5",
      "babel-preset-es2015": "^6.24.1",
      "bootstrap-sass": "^3.3.7",
      "cross-env": "^5.1.4",
      "css-loader": "^0.25.0",
      "element-ui": "^2.0.0",
      "iview": "^3.1.3",
      "jquery": "^3.1.0",
      "laravel-mix": "0.*",
      "lodash": "^4.16.4",
      "style-loader": "^0.13.1",
      "vue": "^2.5.2",
      "vue-loader": "^13.3.0",
      "vue-router": "^3.0.1"
    },
    "dependencies": {
      "iview": "^3.1.3",
      "vant": "^1.3.5",
      "vue-router": "^3.0.1"
    }
  }

yarn manifest: 
  No manifest

Lockfile: 
  No lockfile
